>>> [1/3] Building core crates...
   Compiling ves-stark-air v0.3.3 (/home/dom/icommerce-app/stateset-stark/crates/ves-stark-air)
   Compiling ves-stark-prover v0.3.3 (/home/dom/icommerce-app/stateset-stark/crates/ves-stark-prover)
   Compiling ves-stark-verifier v0.3.3 (/home/dom/icommerce-app/stateset-stark/crates/ves-stark-verifier)
    Finished `release` profile [optimized] target(s) in 17.49s
>>> [2/3] Running unit tests...
   Compiling ves-stark-air v0.3.3 (/home/dom/icommerce-app/stateset-stark/crates/ves-stark-air)
   Compiling ves-stark-prover v0.3.3 (/home/dom/icommerce-app/stateset-stark/crates/ves-stark-prover)
   Compiling ves-stark-verifier v0.3.3 (/home/dom/icommerce-app/stateset-stark/crates/ves-stark-verifier)
    Finished `release` profile [optimized] target(s) in 1m 19s
     Running unittests src/lib.rs (target/release/deps/ves_stark_air-74cfd70760bef4f1)

running 42 tests
test compliance::tests::test_air_assertions ... ok
test compliance::tests::test_air_builder ... ok
test compliance::tests::test_compliance_air_try_new_rejects_invalid_public_input_length ... ok
test compliance::tests::test_public_inputs_new_rejects_invalid_length ... ok
test compliance::tests::test_public_inputs_with_commitment ... ok
test compliance::tests::test_public_inputs_to_elements ... ok
test compliance::tests::test_public_inputs_with_commitment_rejects_invalid_length ... ok
test options::tests::test_default_options ... ok
test options::tests::test_secure_options ... ok
test options::tests::test_to_winterfell ... ok
test policies::aml_threshold::tests::test_comparison_state ... ok
test options::tests::test_to_winterfell_panics_on_invalid_options - should panic ... ok
test policies::aml_threshold::tests::test_is_valid_u32_limb ... ok
test policies::aml_threshold::tests::test_compute_comparison_values ... ok
test policies::aml_threshold::tests::test_policy_threshold_limbs ... ok
test policies::aml_threshold::tests::test_witness_validation ... ok
test policies::order_total_cap::tests::test_comparison_state_lte ... ok
test policies::order_total_cap::tests::test_compute_comparison_values_lte ... ok
test policies::order_total_cap::tests::test_large_values ... ok
test policies::order_total_cap::tests::test_policy_cap_limbs ... ok
test policies::order_total_cap::tests::test_policy_id ... ok
test policies::order_total_cap::tests::test_witness_validation ... ok
test policy::tests::test_agent_authorization_policy ... ok
test policy::tests::test_agent_authorization_rejects_invalid_intent_hash ... ok
test policy::tests::test_agent_budget_policy ... ok
test policy::tests::test_aml_threshold_policy ... ok
test policy::tests::test_effective_limit ... ok
test policy::tests::test_from_public_inputs_supports_agent_authorization ... ok
test policy::tests::test_from_public_inputs_supports_agent_budget ... ok
test policy::tests::test_limit_limbs ... ok
test policy::tests::test_order_total_cap_policy ... ok
test range_check::tests::test_binary_constraint ... ok
test range_check::tests::test_decompose_recompose ... ok
test range_check::tests::test_is_valid_u32 ... ok
test range_check::tests::test_range_check_data ... ok
test range_check::tests::test_range_check_data_invalid ... ok
test range_check::tests::test_u32_range_check ... ok
test range_check::tests::test_validate_limbs ... ok
test rescue_air::tests::test_mds_constraint ... ok
test rescue_air::tests::test_sbox_constraint ... ok
test trace::tests::test_trace_info_power_of_two ... ok
test trace::tests::test_trace_row_accessors ... ok

test result: ok. 42 passed; 0 failed; 0 ignored; 0 measured; 1 filtered out; finished in 0.00s

     Running unittests src/lib.rs (target/release/deps/ves_stark_primitives-03b6c3e6d0541c0f)

running 74 tests
test commerce_intent::tests::test_authorization_receipt_hash_rejects_non_canonical_fields ... ok
test commerce_intent::tests::test_authorization_receipt_depends_on_nonce_and_sequence_number ... ok
test commerce_intent::tests::test_authorize_execution_rejects_scope_violation ... ok
test commerce_intent::tests::test_authorize_execution_generates_deterministic_receipt ... ok
test commerce_intent::tests::test_authorize_execution_rejects_expired_intent ... ok
test field::tests::test_felt_conversion ... ok
test field::tests::test_felt_from_u128 ... ok
test field::tests::test_felt_overflow ... ok
test hash::tests::test_hash_from_hex_with_prefix ... ok
test field::tests::test_felt_zero_one ... ok
test hash::tests::test_hash_from_hex ... ok
test commerce_intent::tests::test_authorization_receipt_witness_commitment_depends_on_amount ... ok
test hash::tests::test_sha256_domain ... ok
test hash::tests::test_hash_serialization ... ok
test hash::tests::test_hash_to_felts_roundtrip ... ok
test commerce_intent::tests::test_authorization_receipt_validate_rejects_tampered_hash ... ok
test public_inputs::tests::test_agent_authorization_params_reject_invalid_intent_hash ... ok
test hash::tests::test_u64_felt_pair_roundtrip ... ok
test public_inputs::tests::test_agent_authorization_params_normalize_intent_hash ... ok
test public_inputs::tests::test_bind_amount_sets_witness_commitment_and_hash ... ok
test public_inputs::tests::test_bind_authorization_receipt_sets_witness_commitment_and_hash ... ok
test public_inputs::tests::test_bind_amount_and_authorization_receipt_derives_payload_binding ... ok
test public_inputs::tests::test_bind_payload_amount_binding_and_authorization_receipt_sets_all_hashes ... ok
test public_inputs::tests::test_canonical_json_simple ... ok
test public_inputs::tests::test_canonical_hash_ignores_witness_commitment ... ok
test public_inputs::tests::test_bind_witness_commitment_sets_bound_hash ... ok
test public_inputs::tests::test_compute_bound_hash_requires_witness_commitment ... ok
test public_inputs::tests::test_payload_amount_binding_from_public_inputs_matches_method ... ok
test public_inputs::tests::test_bind_payload_amount_binding_sets_witness_commitment_and_hash ... ok
test public_inputs::tests::test_canonical_json_nested ... ok
test public_inputs::tests::test_policy_hash_different_params ... ok
test public_inputs::tests::test_public_inputs_felts_roundtrip ... ok
test public_inputs::tests::test_uppercase_hex_rejected ... ok
test public_inputs::tests::test_validate_authorization_receipt_rejects_context_mismatch ... ok
test public_inputs::tests::test_validate_authorization_receipt_rejects_mismatched_receipt_hash_binding ... ok
test public_inputs::tests::test_validate_payload_amount_binding_and_authorization_receipt_rejects_amount_mismatch ... ok
test public_inputs::tests::test_witness_commitment_hex_roundtrip ... ok
test public_inputs::tests::test_validate_payload_amount_binding_rejects_hash_mismatch ... ok
test public_inputs::tests::test_witness_commitment_hex_uppercase_rejected ... ok
test public_inputs::tests::test_validate_policy_hash ... ok
test rescue::proptests::prop_mds_nonzero_preservation ... ok
test public_inputs::tests::test_payload_amount_binding_hash_roundtrip ... ok
test public_inputs::tests::test_policy_hash_deterministic ... ok
test commerce_intent::tests::test_authorize_execution_rejects_merchant_mismatch ... ok
test commerce_intent::tests::test_commerce_intent_hash_normalizes_equivalent_inputs ... ok
test rescue::proptests::prop_sbox_inv_inverse ... ok
test rescue::proptests::prop_sbox_inverse ... ok
test rescue::tests::test_alpha_inv_derivation ... ok
test rescue::tests::test_mds_inv_is_circulant ... ok
test rescue::tests::test_mds_inverse_property ... ok
test rescue::tests::test_mds_is_circulant ... ok
test rescue::tests::test_num_rounds ... ok
test rescue::tests::test_rescue_constants_hash ... ok
test rescue::tests::test_rescue_hash_different_inputs_differ ... ok
test rescue::tests::test_rescue_hash_empty ... ok
test rescue::tests::test_rescue_hash_full_rate ... ok
test rescue::tests::test_rescue_hash_larger_than_rate ... ok
test rescue::tests::test_rescue_hash_pair ... ok
test rescue::tests::test_rescue_hash_single_element ... ok
test rescue::tests::test_rescue_hash_u32_limbs ... ok
test rescue::tests::test_rescue_permutation_deterministic ... ok
test rescue::tests::test_sbox_inv_one ... ok
test rescue::tests::test_sbox_inv_zero ... ok
test rescue::tests::test_sbox_one ... ok
test rescue::tests::test_sbox_zero ... ok
test rescue::tests::test_state_width ... ok
test rescue::tests::test_state_zero ... ok
test field::tests::test_felt_arithmetic ... ok
test rescue::tests::test_sbox_inverse ... ok
test rescue::proptests::prop_rescue_hash_u32_limbs_deterministic ... ok
test rescue::proptests::prop_rescue_hash_pair_deterministic ... ok
test rescue::proptests::prop_rescue_permutation_deterministic ... ok
test rescue::proptests::prop_rescue_hash_deterministic ... ok
test rescue::proptests::prop_rescue_hash_pair_order_sensitive ... ok

test result: ok. 74 passed; 0 failed; 0 ignored; 0 measured; 0 filtered out; finished in 0.08s

     Running unittests src/lib.rs (target/release/deps/ves_stark_prover-34f15b5a86cd166c)

running 50 tests
test budget::tests::test_budget_witness_exceeds_limit ... ok
test budget::tests::test_budget_witness_at_limit ... ok
test serialization::tests::test_auto_detect_json ... ok
test prover::tests::test_prover_creation ... ok
test serialization::tests::test_compact_proof ... ok
test budget::tests::test_budget_witness_valid ... ok
test budget::tests::test_budget_witness_overflow ... ok
test serialization::tests::test_deserialize_json ... ok
test serialization::tests::test_serialize_base64 ... ok
test serialization::tests::test_serialize_binary ... ok
test serialization::tests::test_serialize_json ... ok
test trace::tests::test_bit_decomposition ... ok
test trace::tests::test_trace_builder_aml_boundary ... ok
test serialization::tests::test_auto_detect_base64 ... ok
test trace::tests::test_trace_builder_aml_invalid ... ok
test serialization::tests::test_deserialize_base64 ... ok
test trace::tests::test_trace_builder_aml_valid ... ok
test trace::tests::test_trace_builder_from_aml_threshold ... ok
test serialization::tests::test_proof_json_with_policy ... ok
test trace::tests::test_trace_builder_cap_invalid ... ok
test trace::tests::test_trace_contains_bit_decomposition ... ok
test trace::tests::test_trace_info ... ok
test trace::tests::test_witness_commitment_deterministic ... ok
test trace::tests::test_trace_builder_cap_boundary ... ok
test trace::tests::test_trace_builder_cap_valid ... ok
test trace::tests::test_witness_commitment ... ok
test budget::tests::test_budget_prove ... ok
test prover::tests::test_prove_benchmark ... ok
test witness::proptests::prop_amount_gte_threshold_fails ... ok
test witness::proptests::prop_amount_limb_decomposition_high ... ok
test witness::proptests::prop_amount_u128_preserves ... ok
test witness::proptests::prop_amount_limb_decomposition_low ... ok
test witness::tests::test_amount_limbs ... ok
test witness::tests::test_witness_boundary_amount_fails ... ok
test witness::proptests::prop_limb_recombination ... ok
test witness::tests::test_witness_builder ... ok
test witness::tests::test_witness_builder_missing_amount ... ok
test witness::tests::test_witness_builder_default ... ok
test witness::tests::test_witness_builder_missing_public_inputs ... ok
test witness::tests::test_witness_try_new_rejects_mismatched_binding_fields ... ok
test witness::tests::test_witness_validation_invalid ... ok
test witness::tests::test_witness_max_valid_amount ... ok
test witness::tests::test_witness_validation_valid ... ok
test witness::tests::test_witness_validate_rejects_missing_amount_binding_hash ... ok
test witness::tests::test_witness_zero_amount ... ok
test witness::tests::test_amount_limbs_max_value ... ok
test witness::tests::test_amount_u128_conversion ... ok
test witness::proptests::prop_builder_equals_direct ... ok
test witness::proptests::prop_upper_limbs_zero ... ok
test witness::proptests::prop_amount_less_than_threshold_validates ... ok

test result: ok. 50 passed; 0 failed; 0 ignored; 0 measured; 1 filtered out; finished in 0.10s

     Running unittests src/lib.rs (target/release/deps/ves_stark_verifier-c2cfb5442c1dc4ff)

running 37 tests
test verify::tests::test_agent_authorization_receipt_rejects_invalid_hash_before_deserialization ... ok
test verify::tests::test_agent_authorization_receipt_rejects_amount_commitment_mismatch ... ok
test verify::tests::test_agent_authorization_receipt_rejects_public_input_receipt_hash_mismatch ... ok
test verify::tests::test_garbage_proof_bytes_fails ... ok
test verify::tests::test_empty_proof_bytes_fails ... ok
test verify::tests::test_empty_policy_hash_fails ... ok
test verify::tests::test_max_threshold ... ok
test verify::tests::test_invalid_policy_hash ... ok
test verify::tests::test_agent_authorization_receipt_requires_agent_policy ... ok
test verify::tests::test_proof_hash_empty_bytes ... ok
test verify::tests::test_proof_hash_verification ... ok
test verify::tests::test_public_inputs_different_sequence_numbers ... ok
test verify::tests::test_public_inputs_various_uuids ... ok
test verify::tests::test_strict_verification_requires_payload_binding_artifact ... ok
test verify::tests::test_public_inputs_witness_commitment_mismatch_fails_fast ... ok
test verify::tests::test_valid_policy_hash_passes_validation ... ok
test verify::tests::test_verification_result_serialization ... ok
test verify::tests::test_verification_result_with_error_serialization ... ok
test verify::tests::test_proof_hash_deterministic ... ok
test verify::tests::test_truncated_proof_bytes_fails ... ok
test verify::tests::test_verifier_creation ... ok
test verify::tests::test_proof_hash_different_inputs_differ ... ok
test verify::tests::test_verifier_error_display ... ok
test verify::tests::test_verifier_error_helper_methods ... ok
test verify::tests::test_verifier_with_custom_options ... ok
test verify::tests::test_verify_auto_bound_requires_witness_commitment ... ok
test verify::tests::test_policy_hash_case_sensitivity ... ok
test verify::tests::test_verifier_default ... ok
test verify::tests::test_verifier_error_deserialization_display ... ok
test verify::tests::test_proof_hash_large_input ... ok
test verify::tests::test_witness_commitment_zeros ... ok
test verify::tests::test_witness_commitment_max_values ... ok
test verify::tests::test_zero_threshold ... ok
test verify::tests::test_default_verifier_rejects_fast_proof ... ok
test verify::tests::test_verify_with_amount_binding_accepts_valid_binding ... ok
test verify::tests::test_verify_with_amount_binding_rejects_payload_mismatch ... ok
test verify::tests::test_verifier_with_custom_options_rejects_fast_proof ... ok

test result: ok. 37 passed; 0 failed; 0 ignored; 0 measured; 0 filtered out; finished in 0.02s

>>> [3/3] Running benchmark...
e2e_ms:      5.20
proof_bytes: 49024
--- Summary ---
e2e_ms:      5.2
proof_kb:    47.88
cost:        18.00
stark_score: 555.478406
